#
# There is insufficient memory for the Java Runtime Environment to continue.
# Native memory allocation (malloc) failed to allocate 130016 bytes for Chunk::new
# Possible reasons:
#   The system is out of physical RAM or swap space
#   The process is running with CompressedOops enabled, and the Java Heap may be blocking the growth of the native heap
# Possible solutions:
#   Reduce memory load on the system
#   Increase physical memory or swap space
#   Check if swap backing store is full
#   Decrease Java heap size (-Xmx/-Xms)
#   Decrease number of Java threads
#   Decrease Java thread stack sizes (-Xss)
#   Set larger code cache with -XX:ReservedCodeCacheSize=
#   JVM is running with Unscaled Compressed Oops mode in which the Java heap is
#     placed in the first 4GB address space. The Java Heap base address is the
#     maximum limit for the native heap growth. Please use -XX:HeapBaseMinAddress
#     to set the Java Heap base and to place the Java Heap above 4GB virtual address.
# This output file may be truncated or incomplete.
#
#  Out of Memory Error (arena.cpp:197), pid=8224, tid=4308
#
# JRE version: OpenJDK Runtime Environment OpenLogic-OpenJDK (11.0.23+9) (build 11.0.23+9-adhoc..jdk11u)
# Java VM: OpenJDK 64-Bit Server VM OpenLogic-OpenJDK (11.0.23+9-adhoc..jdk11u, mixed mode, tiered, compressed oops, g1 gc, windows-amd64)
# No core dump will be written. Minidumps are not enabled by default on client versions of Windows
#

---------------  S U M M A R Y ------------

Command Line: com.example.TrendNest.TrendNestApplication

Host: AMD EPYC 7272 12-Core Processor                , 4 cores, 3G,  Windows 10 , 64 bit Build 17763 (10.0.17763.1)
Time: Mon Jun 30 17:21:55 2025 India Standard Time elapsed time: 6386.806305 seconds (0d 1h 46m 26s)

---------------  T H R E A D  ---------------

Current thread (0x0000022c4677a000):  JavaThread "C2 CompilerThread0" daemon [_thread_in_native, id=4308, stack(0x000000e288d00000,0x000000e288e00000)]


Current CompileTask:
C2:6386812 6592       4       jdk.internal.module.Resources::toPackageName (39 bytes)

Stack: [0x000000e288d00000,0x000000e288e00000]
Native frames: (J=compiled Java code, j=interpreted, Vv=VM code, C=native code)
V  [jvm.dll+0x6412aa]
V  [jvm.dll+0x786099]
V  [jvm.dll+0x787799]
V  [jvm.dll+0x787e83]
V  [jvm.dll+0x267805]
V  [jvm.dll+0xc0cfc]
V  [jvm.dll+0xc12ac]
V  [jvm.dll+0x2d9582]
V  [jvm.dll+0x54dba6]
V  [jvm.dll+0x21f09b]
V  [jvm.dll+0x2211c5]
V  [jvm.dll+0x21e7d4]
V  [jvm.dll+0x19c261]
V  [jvm.dll+0x22e899]
V  [jvm.dll+0x22ca0f]
V  [jvm.dll+0x7474a1]
V  [jvm.dll+0x7401d4]
V  [jvm.dll+0x640065]
C  [ucrtbase.dll+0x203ba]
C  [KERNEL32.DLL+0x17e94]
C  [ntdll.dll+0x67ad1]


---------------  P R O C E S S  ---------------

Threads class SMR info:
_java_thread_list=0x0000022c4a7de7d0, length=27, elements={
0x0000022c46754800, 0x0000022c4675e800, 0x0000022c47112800, 0x0000022c46777800,
0x0000022c46778000, 0x0000022c4677a000, 0x0000022c4677f800, 0x0000022c467ca800,
0x0000022c47273800, 0x0000022c4be56800, 0x0000022c47908000, 0x0000022c48d6f800,
0x0000022c49fa0800, 0x0000022c486c1000, 0x0000022c4ab60000, 0x0000022c4ab5f000,
0x0000022c4ab61000, 0x0000022c4ab5d800, 0x0000022c4ab61800, 0x0000022c4ab62800,
0x0000022c4ab63800, 0x0000022c4ab64000, 0x0000022c4ab5e800, 0x0000022c48d0e800,
0x0000022c48d0c800, 0x0000022c48d0f000, 0x0000022c48d09800
}

Java Threads: ( => current thread )
  0x0000022c46754800 JavaThread "Reference Handler" daemon [_thread_blocked, id=8868, stack(0x000000e288800000,0x000000e288900000)]
  0x0000022c4675e800 JavaThread "Finalizer" daemon [_thread_blocked, id=11936, stack(0x000000e288900000,0x000000e288a00000)]
  0x0000022c47112800 JavaThread "Signal Dispatcher" daemon [_thread_blocked, id=11252, stack(0x000000e288a00000,0x000000e288b00000)]
  0x0000022c46777800 JavaThread "Attach Listener" daemon [_thread_blocked, id=9420, stack(0x000000e288b00000,0x000000e288c00000)]
  0x0000022c46778000 JavaThread "Service Thread" daemon [_thread_blocked, id=10584, stack(0x000000e288c00000,0x000000e288d00000)]
=>0x0000022c4677a000 JavaThread "C2 CompilerThread0" daemon [_thread_in_native, id=4308, stack(0x000000e288d00000,0x000000e288e00000)]
  0x0000022c4677f800 JavaThread "C1 CompilerThread0" daemon [_thread_blocked, id=9884, stack(0x000000e288e00000,0x000000e288f00000)]
  0x0000022c467ca800 JavaThread "Sweeper thread" daemon [_thread_blocked, id=13116, stack(0x000000e288f00000,0x000000e289000000)]
  0x0000022c47273800 JavaThread "Common-Cleaner" daemon [_thread_blocked, id=3652, stack(0x000000e289100000,0x000000e289200000)]
  0x0000022c4be56800 JavaThread "Catalina-utility-1" [_thread_blocked, id=13836, stack(0x000000e289500000,0x000000e289600000)]
  0x0000022c47908000 JavaThread "Catalina-utility-2" [_thread_blocked, id=9936, stack(0x000000e289800000,0x000000e289900000)]
  0x0000022c48d6f800 JavaThread "container-0" [_thread_blocked, id=12704, stack(0x000000e289900000,0x000000e289a00000)]
  0x0000022c49fa0800 JavaThread "mysql-cj-abandoned-connection-cleanup" daemon [_thread_blocked, id=12096, stack(0x000000e289a00000,0x000000e289b00000)]
  0x0000022c486c1000 JavaThread "HikariPool-1 housekeeper" daemon [_thread_blocked, id=8968, stack(0x000000e289d00000,0x000000e289e00000)]
  0x0000022c4ab60000 JavaThread "http-nio-9087-exec-1" daemon [_thread_blocked, id=10312, stack(0x000000e289e00000,0x000000e289f00000)]
  0x0000022c4ab5f000 JavaThread "http-nio-9087-exec-2" daemon [_thread_blocked, id=12800, stack(0x000000e289f00000,0x000000e28a000000)]
  0x0000022c4ab61000 JavaThread "http-nio-9087-exec-3" daemon [_thread_blocked, id=1480, stack(0x000000e28a000000,0x000000e28a100000)]
  0x0000022c4ab5d800 JavaThread "http-nio-9087-exec-4" daemon [_thread_blocked, id=11996, stack(0x000000e28a100000,0x000000e28a200000)]
  0x0000022c4ab61800 JavaThread "http-nio-9087-exec-5" daemon [_thread_blocked, id=10368, stack(0x000000e28a200000,0x000000e28a300000)]
  0x0000022c4ab62800 JavaThread "http-nio-9087-exec-6" daemon [_thread_blocked, id=8384, stack(0x000000e28a300000,0x000000e28a400000)]
  0x0000022c4ab63800 JavaThread "http-nio-9087-exec-7" daemon [_thread_blocked, id=13288, stack(0x000000e28a400000,0x000000e28a500000)]
  0x0000022c4ab64000 JavaThread "http-nio-9087-exec-8" daemon [_thread_blocked, id=444, stack(0x000000e28a500000,0x000000e28a600000)]
  0x0000022c4ab5e800 JavaThread "http-nio-9087-exec-9" daemon [_thread_blocked, id=1900, stack(0x000000e28a600000,0x000000e28a700000)]
  0x0000022c48d0e800 JavaThread "http-nio-9087-exec-10" daemon [_thread_blocked, id=11412, stack(0x000000e28a700000,0x000000e28a800000)]
  0x0000022c48d0c800 JavaThread "http-nio-9087-Poller" daemon [_thread_in_native, id=9220, stack(0x000000e28a800000,0x000000e28a900000)]
  0x0000022c48d0f000 JavaThread "http-nio-9087-Acceptor" daemon [_thread_in_native, id=8460, stack(0x000000e28a900000,0x000000e28aa00000)]
  0x0000022c48d09800 JavaThread "DestroyJavaVM" [_thread_blocked, id=11080, stack(0x000000e288100000,0x000000e288200000)]

Other Threads:
  0x0000022c4672d800 VMThread "VM Thread" [stack: 0x000000e288700000,0x000000e288800000] [id=3304]
  0x0000022c47270000 WatcherThread [stack: 0x000000e289000000,0x000000e289100000] [id=1112]
  0x0000022c29205000 GCTaskThread "GC Thread#0" [stack: 0x000000e288200000,0x000000e288300000] [id=11248]
  0x0000022c47bb9000 GCTaskThread "GC Thread#1" [stack: 0x000000e289300000,0x000000e289400000] [id=6848]
  0x0000022c4820f000 GCTaskThread "GC Thread#2" [stack: 0x000000e289600000,0x000000e289700000] [id=6652]
  0x0000022c47c84000 GCTaskThread "GC Thread#3" [stack: 0x000000e289700000,0x000000e289800000] [id=14196]
  0x0000022c29221800 ConcurrentGCThread "G1 Main Marker" [stack: 0x000000e288300000,0x000000e288400000] [id=10512]
  0x0000022c29222800 ConcurrentGCThread "G1 Conc#0" [stack: 0x000000e288400000,0x000000e288500000] [id=11028]
  0x0000022c29274000 ConcurrentGCThread "G1 Refine#0" [stack: 0x000000e288500000,0x000000e288600000] [id=9312]
  0x0000022c29275000 ConcurrentGCThread "G1 Young RemSet Sampling" [stack: 0x000000e288600000,0x000000e288700000] [id=8984]

Threads with active compile tasks:
C2 CompilerThread0  6388458 6592       4       jdk.internal.module.Resources::toPackageName (39 bytes)

VM state:not at safepoint (normal execution)

VM Mutex/Monitor currently owned by a thread: None

Heap address: 0x00000000c0c00000, size: 1012 MB, Compressed Oops mode: 32-bit
Narrow klass base: 0x0000000000000000, Narrow klass shift: 3
Compressed class space size: 1073741824 Address: 0x0000000100000000

Heap:
 garbage-first heap   total 78848K, used 54941K [0x00000000c0c00000, 0x0000000100000000)
  region size 1024K, 34 young (34816K), 5 survivors (5120K)
 Metaspace       used 74739K, capacity 76719K, committed 76800K, reserved 1116160K
  class space    used 9393K, capacity 10183K, committed 10240K, reserved 1048576K
Heap Regions: E=young(eden), S=young(survivor), O=old, HS=humongous(starts), HC=humongous(continues), CS=collection set, F=free, A=archive, TAMS=top-at-mark-start (previous, next)
|   0|0x00000000c0c00000, 0x00000000c0d00000, 0x00000000c0d00000|100%|HS|  |TAMS 0x00000000c0d00000, 0x00000000c0c00000| Complete 
|   1|0x00000000c0d00000, 0x00000000c0e00000, 0x00000000c0e00000|100%| O|  |TAMS 0x00000000c0e00000, 0x00000000c0d00000| Untracked 
|   2|0x00000000c0e00000, 0x00000000c0f00000, 0x00000000c0f00000|100%| O|  |TAMS 0x00000000c0f00000, 0x00000000c0e00000| Untracked 
|   3|0x00000000c0f00000, 0x00000000c1000000, 0x00000000c1000000|100%| O|  |TAMS 0x00000000c1000000, 0x00000000c0f00000| Untracked 
|   4|0x00000000c1000000, 0x00000000c1100000, 0x00000000c1100000|100%| O|  |TAMS 0x00000000c1100000, 0x00000000c1000000| Untracked 
|   5|0x00000000c1100000, 0x00000000c1200000, 0x00000000c1200000|100%| O|  |TAMS 0x00000000c1200000, 0x00000000c1100000| Untracked 
|   6|0x00000000c1200000, 0x00000000c1300000, 0x00000000c1300000|100%| O|  |TAMS 0x00000000c1300000, 0x00000000c1200000| Untracked 
|   7|0x00000000c1300000, 0x00000000c1400000, 0x00000000c1400000|100%| O|  |TAMS 0x00000000c1400000, 0x00000000c1300000| Untracked 
|   8|0x00000000c1400000, 0x00000000c1500000, 0x00000000c1500000|100%| O|  |TAMS 0x00000000c1500000, 0x00000000c1400000| Untracked 
|   9|0x00000000c1500000, 0x00000000c1600000, 0x00000000c1600000|100%| O|  |TAMS 0x00000000c1600000, 0x00000000c1500000| Untracked 
|  10|0x00000000c1600000, 0x00000000c1700000, 0x00000000c1700000|100%| O|  |TAMS 0x00000000c1700000, 0x00000000c1600000| Untracked 
|  11|0x00000000c1700000, 0x00000000c1800000, 0x00000000c1800000|100%| O|  |TAMS 0x00000000c1800000, 0x00000000c1700000| Untracked 
|  12|0x00000000c1800000, 0x00000000c1900000, 0x00000000c1900000|100%| O|  |TAMS 0x00000000c1900000, 0x00000000c1800000| Untracked 
|  13|0x00000000c1900000, 0x00000000c1a00000, 0x00000000c1a00000|100%| O|  |TAMS 0x00000000c1a00000, 0x00000000c1900000| Untracked 
|  14|0x00000000c1a00000, 0x00000000c1b00000, 0x00000000c1b00000|100%| O|  |TAMS 0x00000000c1b00000, 0x00000000c1a00000| Untracked 
|  15|0x00000000c1b00000, 0x00000000c1c00000, 0x00000000c1c00000|100%| O|  |TAMS 0x00000000c1c00000, 0x00000000c1b00000| Untracked 
|  16|0x00000000c1c00000, 0x00000000c1d00000, 0x00000000c1d00000|100%| O|  |TAMS 0x00000000c1d00000, 0x00000000c1c00000| Untracked 
|  17|0x00000000c1d00000, 0x00000000c1e00000, 0x00000000c1e00000|100%| O|  |TAMS 0x00000000c1e00000, 0x00000000c1d00000| Untracked 
|  18|0x00000000c1e00000, 0x00000000c1f00000, 0x00000000c1f00000|100%| O|  |TAMS 0x00000000c1f00000, 0x00000000c1e00000| Untracked 
|  19|0x00000000c1f00000, 0x00000000c2000000, 0x00000000c2000000|100%| O|  |TAMS 0x00000000c1fa0200, 0x00000000c1f00000| Untracked 
|  20|0x00000000c2000000, 0x00000000c2100000, 0x00000000c2100000|100%| O|  |TAMS 0x00000000c2000000, 0x00000000c2000000| Untracked 
|  21|0x00000000c2100000, 0x00000000c2200000, 0x00000000c2200000|100%| O|  |TAMS 0x00000000c2100000, 0x00000000c2100000| Untracked 
|  22|0x00000000c2200000, 0x00000000c227ca00, 0x00000000c2300000| 48%| O|  |TAMS 0x00000000c2200000, 0x00000000c2200000| Untracked 
|  23|0x00000000c2300000, 0x00000000c2300000, 0x00000000c2400000|  0%| F|  |TAMS 0x00000000c2300000, 0x00000000c2300000| Untracked 
|  24|0x00000000c2400000, 0x00000000c2400000, 0x00000000c2500000|  0%| F|  |TAMS 0x00000000c2400000, 0x00000000c2400000| Untracked 
|  25|0x00000000c2500000, 0x00000000c2500000, 0x00000000c2600000|  0%| F|  |TAMS 0x00000000c2500000, 0x00000000c2500000| Untracked 
|  26|0x00000000c2600000, 0x00000000c2600000, 0x00000000c2700000|  0%| F|  |TAMS 0x00000000c2600000, 0x00000000c2600000| Untracked 
|  27|0x00000000c2700000, 0x00000000c2700000, 0x00000000c2800000|  0%| F|  |TAMS 0x00000000c2700000, 0x00000000c2700000| Untracked 
|  28|0x00000000c2800000, 0x00000000c2800000, 0x00000000c2900000|  0%| F|  |TAMS 0x00000000c2800000, 0x00000000c2800000| Untracked 
|  29|0x00000000c2900000, 0x00000000c2900000, 0x00000000c2a00000|  0%| F|  |TAMS 0x00000000c2900000, 0x00000000c2900000| Untracked 
|  30|0x00000000c2a00000, 0x00000000c2a00000, 0x00000000c2b00000|  0%| F|  |TAMS 0x00000000c2a00000, 0x00000000c2a00000| Untracked 
|  31|0x00000000c2b00000, 0x00000000c2b00000, 0x00000000c2c00000|  0%| F|  |TAMS 0x00000000c2b00000, 0x00000000c2b00000| Untracked 
|  32|0x00000000c2c00000, 0x00000000c2c00000, 0x00000000c2d00000|  0%| F|  |TAMS 0x00000000c2c00000, 0x00000000c2c00000| Untracked 
|  33|0x00000000c2d00000, 0x00000000c2d00000, 0x00000000c2e00000|  0%| F|  |TAMS 0x00000000c2d00000, 0x00000000c2d00000| Untracked 
|  34|0x00000000c2e00000, 0x00000000c2e00000, 0x00000000c2f00000|  0%| F|  |TAMS 0x00000000c2e00000, 0x00000000c2e00000| Untracked 
|  35|0x00000000c2f00000, 0x00000000c2f2ab28, 0x00000000c3000000| 16%| S|CS|TAMS 0x00000000c2f00000, 0x00000000c2f00000| Complete 
|  36|0x00000000c3000000, 0x00000000c3000000, 0x00000000c3100000|  0%| F|  |TAMS 0x00000000c3000000, 0x00000000c3000000| Untracked 
|  37|0x00000000c3100000, 0x00000000c3100000, 0x00000000c3200000|  0%| F|  |TAMS 0x00000000c3100000, 0x00000000c3100000| Untracked 
|  38|0x00000000c3200000, 0x00000000c3200000, 0x00000000c3300000|  0%| F|  |TAMS 0x00000000c3200000, 0x00000000c3200000| Untracked 
|  39|0x00000000c3300000, 0x00000000c3400000, 0x00000000c3400000|100%| S|CS|TAMS 0x00000000c3300000, 0x00000000c3300000| Complete 
|  40|0x00000000c3400000, 0x00000000c3500000, 0x00000000c3500000|100%| S|CS|TAMS 0x00000000c3400000, 0x00000000c3400000| Complete 
|  41|0x00000000c3500000, 0x00000000c3600000, 0x00000000c3600000|100%| S|CS|TAMS 0x00000000c3500000, 0x00000000c3500000| Complete 
|  42|0x00000000c3600000, 0x00000000c3600000, 0x00000000c3700000|  0%| F|  |TAMS 0x00000000c3600000, 0x00000000c3600000| Untracked 
|  43|0x00000000c3700000, 0x00000000c3800000, 0x00000000c3800000|100%| S|CS|TAMS 0x00000000c3700000, 0x00000000c3700000| Complete 
|  44|0x00000000c3800000, 0x00000000c3800000, 0x00000000c3900000|  0%| F|  |TAMS 0x00000000c3800000, 0x00000000c3800000| Untracked 
|  45|0x00000000c3900000, 0x00000000c3900000, 0x00000000c3a00000|  0%| F|  |TAMS 0x00000000c3900000, 0x00000000c3900000| Untracked 
|  46|0x00000000c3a00000, 0x00000000c3a00000, 0x00000000c3b00000|  0%| F|  |TAMS 0x00000000c3a00000, 0x00000000c3a00000| Untracked 
|  47|0x00000000c3b00000, 0x00000000c3b00000, 0x00000000c3c00000|  0%| F|  |TAMS 0x00000000c3b00000, 0x00000000c3b00000| Untracked 
|  48|0x00000000c3c00000, 0x00000000c3d00000, 0x00000000c3d00000|100%| E|  |TAMS 0x00000000c3c00000, 0x00000000c3c00000| Complete 
|  49|0x00000000c3d00000, 0x00000000c3e00000, 0x00000000c3e00000|100%| E|CS|TAMS 0x00000000c3d00000, 0x00000000c3d00000| Complete 
|  50|0x00000000c3e00000, 0x00000000c3f00000, 0x00000000c3f00000|100%| E|CS|TAMS 0x00000000c3e00000, 0x00000000c3e00000| Complete 
|  51|0x00000000c3f00000, 0x00000000c4000000, 0x00000000c4000000|100%| E|CS|TAMS 0x00000000c3f00000, 0x00000000c3f00000| Complete 
|  52|0x00000000c4000000, 0x00000000c4100000, 0x00000000c4100000|100%| E|CS|TAMS 0x00000000c4000000, 0x00000000c4000000| Complete 
|  53|0x00000000c4100000, 0x00000000c4200000, 0x00000000c4200000|100%| E|CS|TAMS 0x00000000c4100000, 0x00000000c4100000| Complete 
|  54|0x00000000c4200000, 0x00000000c4300000, 0x00000000c4300000|100%| E|CS|TAMS 0x00000000c4200000, 0x00000000c4200000| Complete 
|  55|0x00000000c4300000, 0x00000000c4400000, 0x00000000c4400000|100%| E|CS|TAMS 0x00000000c4300000, 0x00000000c4300000| Complete 
|  56|0x00000000c4400000, 0x00000000c44ffc78, 0x00000000c4500000| 99%| E|  |TAMS 0x00000000c4400000, 0x00000000c4400000| Complete 
|  57|0x00000000c4500000, 0x00000000c4600000, 0x00000000c4600000|100%| E|CS|TAMS 0x00000000c4500000, 0x00000000c4500000| Complete 
|  58|0x00000000c4600000, 0x00000000c4700000, 0x00000000c4700000|100%| E|CS|TAMS 0x00000000c4600000, 0x00000000c4600000| Complete 
|  59|0x00000000c4700000, 0x00000000c4800000, 0x00000000c4800000|100%| E|CS|TAMS 0x00000000c4700000, 0x00000000c4700000| Complete 
|  60|0x00000000c4800000, 0x00000000c4900000, 0x00000000c4900000|100%| E|CS|TAMS 0x00000000c4800000, 0x00000000c4800000| Complete 
|  61|0x00000000c4900000, 0x00000000c4a00000, 0x00000000c4a00000|100%| E|CS|TAMS 0x00000000c4900000, 0x00000000c4900000| Complete 
|  62|0x00000000c4a00000, 0x00000000c4b00000, 0x00000000c4b00000|100%| E|CS|TAMS 0x00000000c4a00000, 0x00000000c4a00000| Complete 
|  63|0x00000000c4b00000, 0x00000000c4c00000, 0x00000000c4c00000|100%| E|CS|TAMS 0x00000000c4b00000, 0x00000000c4b00000| Complete 
|  64|0x00000000c4c00000, 0x00000000c4d00000, 0x00000000c4d00000|100%| E|CS|TAMS 0x00000000c4c00000, 0x00000000c4c00000| Complete 
|  65|0x00000000c4d00000, 0x00000000c4e00000, 0x00000000c4e00000|100%| E|CS|TAMS 0x00000000c4d00000, 0x00000000c4d00000| Complete 
|  66|0x00000000c4e00000, 0x00000000c4f00000, 0x00000000c4f00000|100%| E|CS|TAMS 0x00000000c4e00000, 0x00000000c4e00000| Complete 
|  67|0x00000000c4f00000, 0x00000000c5000000, 0x00000000c5000000|100%| E|CS|TAMS 0x00000000c4f00000, 0x00000000c4f00000| Complete 
|  68|0x00000000c5000000, 0x00000000c5100000, 0x00000000c5100000|100%| E|CS|TAMS 0x00000000c5000000, 0x00000000c5000000| Complete 
|  69|0x00000000c5100000, 0x00000000c5200000, 0x00000000c5200000|100%| E|CS|TAMS 0x00000000c5100000, 0x00000000c5100000| Complete 
|  70|0x00000000c5200000, 0x00000000c5300000, 0x00000000c5300000|100%| E|CS|TAMS 0x00000000c5200000, 0x00000000c5200000| Complete 
|  71|0x00000000c5300000, 0x00000000c5400000, 0x00000000c5400000|100%| E|CS|TAMS 0x00000000c5300000, 0x00000000c5300000| Complete 
|  72|0x00000000c5400000, 0x00000000c5500000, 0x00000000c5500000|100%| E|CS|TAMS 0x00000000c5400000, 0x00000000c5400000| Complete 
|  73|0x00000000c5500000, 0x00000000c5600000, 0x00000000c5600000|100%| E|CS|TAMS 0x00000000c5500000, 0x00000000c5500000| Complete 
|  74|0x00000000c5600000, 0x00000000c5700000, 0x00000000c5700000|100%| E|CS|TAMS 0x00000000c5600000, 0x00000000c5600000| Complete 
|  75|0x00000000c5700000, 0x00000000c5800000, 0x00000000c5800000|100%| E|CS|TAMS 0x00000000c5700000, 0x00000000c5700000| Complete 
|  76|0x00000000c5800000, 0x00000000c5900000, 0x00000000c5900000|100%| E|CS|TAMS 0x00000000c5800000, 0x00000000c5800000| Complete 

Card table byte_map: [0x0000022c41f00000,0x0000022c42100000] _byte_map_base: 0x0000022c418fa000

Marking Bits (Prev, Next): (CMBitMap*) 0x0000022c2921b860, (CMBitMap*) 0x0000022c2921b828
 Prev Bits: [0x0000022c432d0000, 0x0000022c442a0000)
 Next Bits: [0x0000022c42300000, 0x0000022c432d0000)

Polling page: 0x0000022c27130000

Metaspace:

Usage:
  Non-class:     64.98 MB capacity,    63.82 MB ( 98%) used,   947.38 KB (  1%) free+waste,   241.81 KB ( <1%) overhead. 
      Class:      9.94 MB capacity,     9.17 MB ( 92%) used,   676.38 KB (  7%) free+waste,   113.50 KB (  1%) overhead. 
       Both:     74.92 MB capacity,    72.99 MB ( 97%) used,     1.59 MB (  2%) free+waste,   355.31 KB ( <1%) overhead. 

Virtual space:
  Non-class space:       66.00 MB reserved,      65.00 MB ( 98%) committed 
      Class space:        1.00 GB reserved,      10.00 MB ( <1%) committed 
             Both:        1.06 GB reserved,      75.00 MB (  7%) committed 

Chunk freelists:
   Non-Class:  24.00 KB
       Class:  25.00 KB
        Both:  49.00 KB

MaxMetaspaceSize: 17179869184.00 GB
CompressedClassSpaceSize: 1.00 GB
Initial GC threshold: 20.80 MB
Current GC threshold: 97.92 MB
CDS: off

CodeHeap 'non-profiled nmethods': size=120064Kb used=4248Kb max_used=4248Kb free=115815Kb
 bounds [0x0000022c3a7c0000, 0x0000022c3abf0000, 0x0000022c41d00000]
CodeHeap 'profiled nmethods': size=120000Kb used=13920Kb max_used=13920Kb free=106079Kb
 bounds [0x0000022c33290000, 0x0000022c34030000, 0x0000022c3a7c0000]
CodeHeap 'non-nmethods': size=5696Kb used=1335Kb max_used=1426Kb free=4360Kb
 bounds [0x0000022c32d00000, 0x0000022c32f70000, 0x0000022c33290000]
 total_blobs=6982 nmethods=6341 adapters=553
 compilation: enabled
              stopped_count=0, restarted_count=0
 full_count=0

Compilation events (20 events):
Event: 5411.153 Thread 0x0000022c4677a000 nmethod 6580 0x0000022c3abe1690 code [0x0000022c3abe1840, 0x0000022c3abe1b58]
Event: 5411.153 Thread 0x0000022c4677f800 6578       3       com.sun.crypto.provider.GaloisCounterMode::updateAAD (31 bytes)
Event: 5411.203 Thread 0x0000022c4677f800 nmethod 6578 0x0000022c34021b10 code [0x0000022c34021ce0, 0x0000022c34021fb8]
Event: 5411.203 Thread 0x0000022c4677f800 6579       3       javax.crypto.CipherSpi::bufferCrypt (520 bytes)
Event: 5411.979 Thread 0x0000022c4677f800 nmethod 6579 0x0000022c34022110 code [0x0000022c340226e0, 0x0000022c34025bf8]
Event: 5456.914 Thread 0x0000022c4677a000 6581       4       sun.nio.ch.SelectorImpl::keys (9 bytes)
Event: 5456.949 Thread 0x0000022c4677a000 nmethod 6581 0x0000022c3abe1f90 code [0x0000022c3abe2120, 0x0000022c3abe21b8]
Event: 5469.800 Thread 0x0000022c4677f800 6582       3       java.util.TreeMap::compare (32 bytes)
Event: 5470.343 Thread 0x0000022c4677f800 nmethod 6582 0x0000022c34026f10 code [0x0000022c34027100, 0x0000022c340274d8]
Event: 5500.966 Thread 0x0000022c4677a000 6583       4       sun.nio.ch.WindowsSelectorImpl::updateSelectedKeys (78 bytes)
Event: 5501.598 Thread 0x0000022c4677a000 nmethod 6583 0x0000022c3abe2290 code [0x0000022c3abe24e0, 0x0000022c3abe3a70]
Event: 5542.384 Thread 0x0000022c4677a000 6585       4       org.apache.coyote.AbstractProtocol$$Lambda$1169/0x0000000100933440::run (8 bytes)
Event: 5542.397 Thread 0x0000022c4677a000 nmethod 6585 0x0000022c3abe4910 code [0x0000022c3abe4ac0, 0x0000022c3abe4d78]
Event: 5608.010 Thread 0x0000022c4677f800 6586       3       com.zaxxer.hikari.pool.HikariPool::getIdleConnections (9 bytes)
Event: 5608.028 Thread 0x0000022c4677f800 nmethod 6586 0x0000022c34027610 code [0x0000022c340277c0, 0x0000022c34027908]
Event: 5744.389 Thread 0x0000022c4677f800 6587       3       java.util.concurrent.ConcurrentHashMap::mappingCount (17 bytes)
Event: 5744.428 Thread 0x0000022c4677f800 nmethod 6587 0x0000022c34027a10 code [0x0000022c34027bc0, 0x0000022c34027d48]
Event: 6141.431 Thread 0x0000022c4677a000 6590       4       java.util.concurrent.ScheduledThreadPoolExecutor$DelayedWorkQueue::finishPoll (43 bytes)
Event: 6142.737 Thread 0x0000022c4677a000 nmethod 6590 0x0000022c3abe5110 code [0x0000022c3abe5300, 0x0000022c3abe5c58]
Event: 6385.121 Thread 0x0000022c4677a000 6592       4       jdk.internal.module.Resources::toPackageName (39 bytes)

GC Heap History (20 events):
Event: 9.897 GC heap before
{Heap before GC invocations=8 (full 0):
 garbage-first heap   total 65536K, used 42586K [0x00000000c0c00000, 0x0000000100000000)
  region size 1024K, 36 young (36864K), 4 survivors (4096K)
 Metaspace       used 30424K, capacity 31199K, committed 31232K, reserved 1077248K
  class space    used 3522K, capacity 3807K, committed 3840K, reserved 1048576K
}
Event: 9.908 GC heap after
{Heap after GC invocations=9 (full 0):
 garbage-first heap   total 65536K, used 11555K [0x00000000c0c00000, 0x0000000100000000)
  region size 1024K, 4 young (4096K), 4 survivors (4096K)
 Metaspace       used 30424K, capacity 31199K, committed 31232K, reserved 1077248K
  class space    used 3522K, capacity 3807K, committed 3840K, reserved 1048576K
}
Event: 11.608 GC heap before
{Heap before GC invocations=9 (full 0):
 garbage-first heap   total 65536K, used 44323K [0x00000000c0c00000, 0x0000000100000000)
  region size 1024K, 36 young (36864K), 4 survivors (4096K)
 Metaspace       used 34198K, capacity 35092K, committed 35200K, reserved 1079296K
  class space    used 4051K, capacity 4414K, committed 4480K, reserved 1048576K
}
Event: 11.622 GC heap after
{Heap after GC invocations=10 (full 0):
 garbage-first heap   total 65536K, used 13245K [0x00000000c0c00000, 0x0000000100000000)
  region size 1024K, 4 young (4096K), 4 survivors (4096K)
 Metaspace       used 34198K, capacity 35092K, committed 35200K, reserved 1079296K
  class space    used 4051K, capacity 4414K, committed 4480K, reserved 1048576K
}
Event: 12.095 GC heap before
{Heap before GC invocations=10 (full 0):
 garbage-first heap   total 65536K, used 16317K [0x00000000c0c00000, 0x0000000100000000)
  region size 1024K, 8 young (8192K), 4 survivors (4096K)
 Metaspace       used 34830K, capacity 35786K, committed 35840K, reserved 1081344K
  class space    used 4121K, capacity 4454K, committed 4480K, reserved 1048576K
}
Event: 12.110 GC heap after
{Heap after GC invocations=11 (full 0):
 garbage-first heap   total 65536K, used 13637K [0x00000000c0c00000, 0x0000000100000000)
  region size 1024K, 3 young (3072K), 3 survivors (3072K)
 Metaspace       used 34830K, capacity 35786K, committed 35840K, reserved 1081344K
  class space    used 4121K, capacity 4454K, committed 4480K, reserved 1048576K
}
Event: 15.281 GC heap before
{Heap before GC invocations=12 (full 0):
 garbage-first heap   total 65536K, used 40261K [0x00000000c0c00000, 0x0000000100000000)
  region size 1024K, 29 young (29696K), 3 survivors (3072K)
 Metaspace       used 38941K, capacity 40065K, committed 40192K, reserved 1085440K
  class space    used 4639K, capacity 5072K, committed 5120K, reserved 1048576K
}
Event: 15.301 GC heap after
{Heap after GC invocations=13 (full 0):
 garbage-first heap   total 65536K, used 16021K [0x00000000c0c00000, 0x0000000100000000)
  region size 1024K, 3 young (3072K), 3 survivors (3072K)
 Metaspace       used 38941K, capacity 40065K, committed 40192K, reserved 1085440K
  class space    used 4639K, capacity 5072K, committed 5120K, reserved 1048576K
}
Event: 17.618 GC heap before
{Heap before GC invocations=13 (full 0):
 garbage-first heap   total 65536K, used 42645K [0x00000000c0c00000, 0x0000000100000000)
  region size 1024K, 29 young (29696K), 3 survivors (3072K)
 Metaspace       used 42811K, capacity 44056K, committed 44160K, reserved 1087488K
  class space    used 5183K, capacity 5675K, committed 5760K, reserved 1048576K
}
Event: 17.635 GC heap after
{Heap after GC invocations=14 (full 0):
 garbage-first heap   total 78848K, used 17172K [0x00000000c0c00000, 0x0000000100000000)
  region size 1024K, 2 young (2048K), 2 survivors (2048K)
 Metaspace       used 42811K, capacity 44056K, committed 44160K, reserved 1087488K
  class space    used 5183K, capacity 5675K, committed 5760K, reserved 1048576K
}
Event: 23.261 GC heap before
{Heap before GC invocations=14 (full 0):
 garbage-first heap   total 78848K, used 50964K [0x00000000c0c00000, 0x0000000100000000)
  region size 1024K, 35 young (35840K), 2 survivors (2048K)
 Metaspace       used 53201K, capacity 54501K, committed 54784K, reserved 1097728K
  class space    used 6600K, capacity 7114K, committed 7168K, reserved 1048576K
}
Event: 23.277 GC heap after
{Heap after GC invocations=15 (full 0):
 garbage-first heap   total 78848K, used 20223K [0x00000000c0c00000, 0x0000000100000000)
  region size 1024K, 5 young (5120K), 5 survivors (5120K)
 Metaspace       used 53201K, capacity 54501K, committed 54784K, reserved 1097728K
  class space    used 6600K, capacity 7114K, committed 7168K, reserved 1048576K
}
Event: 26.285 GC heap before
{Heap before GC invocations=15 (full 0):
 garbage-first heap   total 78848K, used 45823K [0x00000000c0c00000, 0x0000000100000000)
  region size 1024K, 31 young (31744K), 5 survivors (5120K)
 Metaspace       used 58417K, capacity 59779K, committed 59904K, reserved 1101824K
  class space    used 7299K, capacity 7826K, committed 7936K, reserved 1048576K
}
Event: 26.314 GC heap after
{Heap after GC invocations=16 (full 0):
 garbage-first heap   total 78848K, used 21784K [0x00000000c0c00000, 0x0000000100000000)
  region size 1024K, 2 young (2048K), 2 survivors (2048K)
 Metaspace       used 58417K, capacity 59779K, committed 59904K, reserved 1101824K
  class space    used 7299K, capacity 7826K, committed 7936K, reserved 1048576K
}
Event: 29.550 GC heap before
{Heap before GC invocations=17 (full 0):
 garbage-first heap   total 78848K, used 55576K [0x00000000c0c00000, 0x0000000100000000)
  region size 1024K, 35 young (35840K), 2 survivors (2048K)
 Metaspace       used 64207K, capacity 65863K, committed 65920K, reserved 1105920K
  class space    used 8149K, capacity 8807K, committed 8832K, reserved 1048576K
}
Event: 29.562 GC heap after
{Heap after GC invocations=18 (full 0):
 garbage-first heap   total 78848K, used 23155K [0x00000000c0c00000, 0x0000000100000000)
  region size 1024K, 3 young (3072K), 3 survivors (3072K)
 Metaspace       used 64207K, capacity 65863K, committed 65920K, reserved 1105920K
  class space    used 8149K, capacity 8807K, committed 8832K, reserved 1048576K
}
Event: 31.391 GC heap before
{Heap before GC invocations=18 (full 0):
 garbage-first heap   total 78848K, used 57971K [0x00000000c0c00000, 0x0000000100000000)
  region size 1024K, 37 young (37888K), 3 survivors (3072K)
 Metaspace       used 67209K, capacity 68962K, committed 69248K, reserved 1110016K
  class space    used 8552K, capacity 9258K, committed 9344K, reserved 1048576K
}
Event: 31.412 GC heap after
{Heap after GC invocations=19 (full 0):
 garbage-first heap   total 78848K, used 25260K [0x00000000c0c00000, 0x0000000100000000)
  region size 1024K, 4 young (4096K), 4 survivors (4096K)
 Metaspace       used 67209K, capacity 68962K, committed 69248K, reserved 1110016K
  class space    used 8552K, capacity 9258K, committed 9344K, reserved 1048576K
}
Event: 201.026 GC heap before
{Heap before GC invocations=19 (full 0):
 garbage-first heap   total 78848K, used 58028K [0x00000000c0c00000, 0x0000000100000000)
  region size 1024K, 37 young (37888K), 4 survivors (4096K)
 Metaspace       used 72936K, capacity 74819K, committed 75136K, reserved 1114112K
  class space    used 9226K, capacity 9990K, committed 10112K, reserved 1048576K
}
Event: 201.041 GC heap after
{Heap after GC invocations=20 (full 0):
 garbage-first heap   total 78848K, used 27293K [0x00000000c0c00000, 0x0000000100000000)
  region size 1024K, 5 young (5120K), 5 survivors (5120K)
 Metaspace       used 72936K, capacity 74819K, committed 75136K, reserved 1114112K
  class space    used 9226K, capacity 9990K, committed 10112K, reserved 1048576K
}

Deoptimization events (20 events):
Event: 5360.670 Thread 0x0000022c48d10000 DEOPT PACKING pc=0x0000022c33c05222 sp=0x000000e287ffded0
Event: 5360.827 Thread 0x0000022c48d10000 DEOPT UNPACKING pc=0x0000022c32d4a95e sp=0x000000e287ffd348 mode 0
Event: 5363.248 Thread 0x0000022c48d10000 DEOPT PACKING pc=0x0000022c33c09934 sp=0x000000e287ffdf20
Event: 5363.248 Thread 0x0000022c48d10000 DEOPT UNPACKING pc=0x0000022c32d4a95e sp=0x000000e287ffd3e0 mode 0
Event: 5411.627 Thread 0x0000022c47908000 Uncommon trap: trap_request=0xffffffbe fr.pc=0x0000022c3abe1b38 relative=0x00000000000002f8
Event: 5411.882 Thread 0x0000022c47908000 Uncommon trap: reason=profile_predicate action=maybe_recompile pc=0x0000022c3abe1b38 method=java.util.concurrent.ConcurrentHashMap$Traverser.advance()Ljava/util/concurrent/ConcurrentHashMap$Node; @ 15 c2
Event: 5411.973 Thread 0x0000022c47908000 DEOPT PACKING pc=0x0000022c3abe1b38 sp=0x000000e2898ff4d0
Event: 5411.993 Thread 0x0000022c47908000 DEOPT UNPACKING pc=0x0000022c32d4a1af sp=0x000000e2898ff1c8 mode 2
Event: 5412.384 Thread 0x0000022c47908000 Uncommon trap: trap_request=0xffffffbe fr.pc=0x0000022c3abe1b38 relative=0x00000000000002f8
Event: 5412.384 Thread 0x0000022c47908000 Uncommon trap: reason=profile_predicate action=maybe_recompile pc=0x0000022c3abe1b38 method=java.util.concurrent.ConcurrentHashMap$Traverser.advance()Ljava/util/concurrent/ConcurrentHashMap$Node; @ 15 c2
Event: 5412.384 Thread 0x0000022c47908000 DEOPT PACKING pc=0x0000022c3abe1b38 sp=0x000000e2898ff4d0
Event: 5412.484 Thread 0x0000022c47908000 DEOPT UNPACKING pc=0x0000022c32d4a1af sp=0x000000e2898ff1c8 mode 2
Event: 5413.400 Thread 0x0000022c47908000 Uncommon trap: trap_request=0xffffffbe fr.pc=0x0000022c3abe1b38 relative=0x00000000000002f8
Event: 5413.400 Thread 0x0000022c47908000 Uncommon trap: reason=profile_predicate action=maybe_recompile pc=0x0000022c3abe1b38 method=java.util.concurrent.ConcurrentHashMap$Traverser.advance()Ljava/util/concurrent/ConcurrentHashMap$Node; @ 15 c2
Event: 5413.400 Thread 0x0000022c47908000 DEOPT PACKING pc=0x0000022c3abe1b38 sp=0x000000e2898ff4d0
Event: 5413.400 Thread 0x0000022c47908000 DEOPT UNPACKING pc=0x0000022c32d4a1af sp=0x000000e2898ff1c8 mode 2
Event: 5414.384 Thread 0x0000022c4be56800 Uncommon trap: trap_request=0xffffffbe fr.pc=0x0000022c3abe1b38 relative=0x00000000000002f8
Event: 5414.384 Thread 0x0000022c4be56800 Uncommon trap: reason=profile_predicate action=maybe_recompile pc=0x0000022c3abe1b38 method=java.util.concurrent.ConcurrentHashMap$Traverser.advance()Ljava/util/concurrent/ConcurrentHashMap$Node; @ 15 c2
Event: 5414.384 Thread 0x0000022c4be56800 DEOPT PACKING pc=0x0000022c3abe1b38 sp=0x000000e2895ff450
Event: 5414.384 Thread 0x0000022c4be56800 DEOPT UNPACKING pc=0x0000022c32d4a1af sp=0x000000e2895ff148 mode 2

Classes redefined (0 events):
No events

Internal exceptions (20 events):
Event: 31.586 Thread 0x0000022c47bc7800 Exception <a 'java/lang/IncompatibleClassChangeError'{0x00000000c567a008}: Found class java.lang.Object, but interface was expected> (0x00000000c567a008) thrown at [s\src\hotspot\share\interpreter\linkResolver.cpp, line 839]
Event: 33.332 Thread 0x0000022c47bc7800 Exception <a 'java/lang/NoSuchMethodError'{0x00000000c4f89d18}: 'java.lang.Object java.lang.invoke.DirectMethodHandle$Holder.invokeSpecial(java.lang.Object, java.lang.Object, int, java.lang.Object, int, java.lang.Object)'> (0x00000000c4f89d18) thrown at [s\src\hotspot\share\interpreter\linkResolver.cpp, line 773]
Event: 33.333 Thread 0x0000022c47bc7800 Exception <a 'java/lang/NoSuchMethodError'{0x00000000c4f914a8}: 'java.lang.Object java.lang.invoke.DirectMethodHandle$Holder.invokeStatic(java.lang.Object, java.lang.Object, int, java.lang.Object, int)'> (0x00000000c4f914a8) thrown at [s\src\hotspot\share\interpreter\linkResolver.cpp, line 773]
Event: 33.333 Thread 0x0000022c47bc7800 Exception <a 'java/lang/NoSuchMethodError'{0x00000000c4f94c88}: 'java.lang.Object java.lang.invoke.DirectMethodHandle$Holder.invokeSpecial(java.lang.Object, java.lang.Object, java.lang.Object, int, java.lang.Object, int)'> (0x00000000c4f94c88) thrown at [s\src\hotspot\share\interpreter\linkResolver.cpp, line 773]
Event: 33.366 Thread 0x0000022c47bc7800 Exception <a 'java/lang/NoSuchMethodError'{0x00000000c4f9fe80}: 'void java.lang.invoke.DirectMethodHandle$Holder.invokeVirtual(java.lang.Object, java.lang.Object)'> (0x00000000c4f9fe80) thrown at [s\src\hotspot\share\interpreter\linkResolver.cpp, line 773]
Event: 66.898 Thread 0x0000022c4ab60000 Exception <a 'java/lang/NoSuchMethodError'{0x00000000c3d7f898}: 'java.lang.Object java.lang.invoke.DirectMethodHandle$Holder.invokeStaticInit(java.lang.Object, java.lang.Object, java.lang.Object, java.lang.Object, java.lang.Object, java.lang.Object)'> (0x00000000c3d7f898) thrown at [s\src\hotspot\share\interpreter\linkResolver.cpp, line 773]
Event: 1798.130 Thread 0x0000022c48d0c000 Exception <a 'java/net/SocketException'{0x00000000c52cd640}: Software caused connection abort: socket write error> (0x00000000c52cd640) thrown at [s\src\hotspot\share\prims\jni.cpp, line 638]
Event: 1798.145 Thread 0x0000022c48d0c000 Exception <a 'java/net/SocketException'{0x00000000c52cdce8}: Software caused connection abort: recv failed> (0x00000000c52cdce8) thrown at [s\src\hotspot\share\prims\jni.cpp, line 638]
Event: 1820.778 Thread 0x0000022c48d0d800 Exception <a 'java/net/SocketException'{0x00000000c4ff71a0}: Software caused connection abort: socket write error> (0x00000000c4ff71a0) thrown at [s\src\hotspot\share\prims\jni.cpp, line 638]
Event: 1820.779 Thread 0x0000022c48d0d800 Exception <a 'java/net/SocketException'{0x00000000c4ff77c0}: Software caused connection abort: recv failed> (0x00000000c4ff77c0) thrown at [s\src\hotspot\share\prims\jni.cpp, line 638]
Event: 3564.090 Thread 0x0000022c48d0d800 Exception <a 'java/net/SocketException'{0x00000000c4b5abc8}: Software caused connection abort: socket write error> (0x00000000c4b5abc8) thrown at [s\src\hotspot\share\prims\jni.cpp, line 638]
Event: 3564.251 Thread 0x0000022c48d0d800 Exception <a 'java/net/SocketException'{0x00000000c4b5b1e8}: Software caused connection abort: recv failed> (0x00000000c4b5b1e8) thrown at [s\src\hotspot\share\prims\jni.cpp, line 638]
Event: 3581.496 Thread 0x0000022c48d10000 Exception <a 'java/net/SocketException'{0x00000000c491cb58}: Software caused connection abort: recv failed> (0x00000000c491cb58) thrown at [s\src\hotspot\share\prims\jni.cpp, line 638]
Event: 4099.293 Thread 0x0000022c4ab62800 Exception <a 'java/io/IOException'{0x00000000c43846e0}> (0x00000000c43846e0) thrown at [s\src\hotspot\share\prims\jni.cpp, line 617]
Event: 5339.579 Thread 0x0000022c48d0c000 Exception <a 'java/net/SocketException'{0x00000000c4158b78}: Software caused connection abort: socket write error> (0x00000000c4158b78) thrown at [s\src\hotspot\share\prims\jni.cpp, line 638]
Event: 5339.907 Thread 0x0000022c48d0c000 Exception <a 'java/net/SocketException'{0x00000000c4159198}: Software caused connection abort: recv failed> (0x00000000c4159198) thrown at [s\src\hotspot\share\prims\jni.cpp, line 638]
Event: 5411.541 Thread 0x0000022c47908000 Implicit null exception at 0x0000022c3abe18cd to 0x0000022c3abe1b1c
Event: 5412.384 Thread 0x0000022c47908000 Implicit null exception at 0x0000022c3abe18cd to 0x0000022c3abe1b1c
Event: 5413.396 Thread 0x0000022c47908000 Implicit null exception at 0x0000022c3abe18cd to 0x0000022c3abe1b1c
Event: 5414.384 Thread 0x0000022c4be56800 Implicit null exception at 0x0000022c3abe18cd to 0x0000022c3abe1b1c

Events (20 events):
Event: 5373.176 Executing VM operation: RevokeBias
Event: 5373.230 Executing VM operation: RevokeBias done
Event: 5373.230 Executing VM operation: RevokeBias
Event: 5373.359 Executing VM operation: RevokeBias done
Event: 5373.407 Executing VM operation: RevokeBias
Event: 5373.481 Executing VM operation: RevokeBias done
Event: 5386.409 Executing VM operation: RevokeBias
Event: 5386.409 Executing VM operation: RevokeBias done
Event: 5386.409 Thread 0x0000022c48d10000 Thread exited: 0x0000022c48d10000
Event: 5386.530 Executing VM operation: RevokeBias
Event: 5386.530 Executing VM operation: RevokeBias done
Event: 5386.530 Thread 0x0000022c48d0a000 Thread exited: 0x0000022c48d0a000
Event: 5407.366 Thread 0x0000022c48d10000 Thread added: 0x0000022c48d10000
Event: 5407.366 Thread 0x0000022c48d0c000 Thread added: 0x0000022c48d0c000
Event: 5413.079 Executing VM operation: RevokeBias
Event: 5413.079 Executing VM operation: RevokeBias done
Event: 5413.079 Thread 0x0000022c48d10000 Thread exited: 0x0000022c48d10000
Event: 5413.341 Executing VM operation: RevokeBias
Event: 5413.346 Executing VM operation: RevokeBias done
Event: 5413.346 Thread 0x0000022c48d0c000 Thread exited: 0x0000022c48d0c000


Dynamic libraries:
0x00007ff7f27e0000 - 0x00007ff7f27ee000 	C:\Program Files\OpenLogic\jdk-11.0.23.9-hotspot\bin\java.exe
0x00007ffe6b700000 - 0x00007ffe6b8ed000 	C:\Windows\SYSTEM32\ntdll.dll
0x00007ffe68a90000 - 0x00007ffe68b43000 	C:\Windows\System32\KERNEL32.DLL
0x00007ffe685a0000 - 0x00007ffe68833000 	C:\Windows\System32\KERNELBASE.dll
0x00007ffe67cb0000 - 0x00007ffe67dac000 	C:\Windows\System32\ucrtbase.dll
0x00007ffe52ac0000 - 0x00007ffe52adb000 	C:\Program Files\OpenLogic\jdk-11.0.23.9-hotspot\bin\VCRUNTIME140.dll
0x00007ffe56680000 - 0x00007ffe56697000 	C:\Program Files\OpenLogic\jdk-11.0.23.9-hotspot\bin\jli.dll
0x00007ffe694e0000 - 0x00007ffe69677000 	C:\Windows\System32\USER32.dll
0x00007ffe688f0000 - 0x00007ffe68910000 	C:\Windows\System32\win32u.dll
0x00007ffe69380000 - 0x00007ffe693a9000 	C:\Windows\System32\GDI32.dll
0x00007ffe678d0000 - 0x00007ffe67a6a000 	C:\Windows\System32\gdi32full.dll
0x00007ffe68500000 - 0x00007ffe685a0000 	C:\Windows\System32\msvcp_win.dll
0x00007ffe5a790000 - 0x00007ffe5aa09000 	C:\Windows\WinSxS\amd64_microsoft.windows.common-controls_6595b64144ccf1df_6.0.17763.107_none_05b63884071e656e\COMCTL32.dll
0x00007ffe691b0000 - 0x00007ffe6924e000 	C:\Windows\System32\msvcrt.dll
0x00007ffe68e80000 - 0x00007ffe691ae000 	C:\Windows\System32\combase.dll
0x00007ffe696e0000 - 0x00007ffe69803000 	C:\Windows\System32\RPCRT4.dll
0x00007ffe68840000 - 0x00007ffe688be000 	C:\Windows\System32\bcryptPrimitives.dll
0x00007ffe68b50000 - 0x00007ffe68b7e000 	C:\Windows\System32\IMM32.DLL
0x00007ffe52a90000 - 0x00007ffe52a9c000 	C:\Program Files\OpenLogic\jdk-11.0.23.9-hotspot\bin\vcruntime140_1.dll
0x00007ffe3f5e0000 - 0x00007ffe3f66d000 	C:\Program Files\OpenLogic\jdk-11.0.23.9-hotspot\bin\msvcp140.dll
0x00007ffe03540000 - 0x00007ffe0408e000 	C:\Program Files\OpenLogic\jdk-11.0.23.9-hotspot\bin\server\jvm.dll
0x00007ffe6b580000 - 0x00007ffe6b623000 	C:\Windows\System32\ADVAPI32.dll
0x00007ffe6b630000 - 0x00007ffe6b6ce000 	C:\Windows\System32\sechost.dll
0x00007ffe69460000 - 0x00007ffe69468000 	C:\Windows\System32\PSAPI.DLL
0x00007ffe649d0000 - 0x00007ffe649f4000 	C:\Windows\SYSTEM32\WINMM.dll
0x00007ffe5ac50000 - 0x00007ffe5ac59000 	C:\Windows\SYSTEM32\WSOCK32.dll
0x00007ffe69470000 - 0x00007ffe694dd000 	C:\Windows\System32\WS2_32.dll
0x00007ffe61440000 - 0x00007ffe6144a000 	C:\Windows\SYSTEM32\VERSION.dll
0x00007ffe649a0000 - 0x00007ffe649cd000 	C:\Windows\SYSTEM32\WINMMBASE.dll
0x00007ffe677d0000 - 0x00007ffe6781a000 	C:\Windows\System32\cfgmgr32.dll
0x00007ffe67700000 - 0x00007ffe67711000 	C:\Windows\System32\kernel.appcore.dll
0x00007ffe52a80000 - 0x00007ffe52a90000 	C:\Program Files\OpenLogic\jdk-11.0.23.9-hotspot\bin\verify.dll
0x00007ffe5ac80000 - 0x00007ffe5ae6d000 	C:\Windows\SYSTEM32\DBGHELP.DLL
0x00007ffe576c0000 - 0x00007ffe576ea000 	C:\Windows\SYSTEM32\dbgcore.DLL
0x00007ffe3f800000 - 0x00007ffe3f828000 	C:\Program Files\OpenLogic\jdk-11.0.23.9-hotspot\bin\java.dll
0x00007ffe52a70000 - 0x00007ffe52a7a000 	C:\Program Files\OpenLogic\jdk-11.0.23.9-hotspot\bin\jimage.dll
0x00007ffe3f7e0000 - 0x00007ffe3f7f8000 	C:\Program Files\OpenLogic\jdk-11.0.23.9-hotspot\bin\zip.dll
0x00007ffe698c0000 - 0x00007ffe6adaf000 	C:\Windows\System32\SHELL32.dll
0x00007ffe693b0000 - 0x00007ffe69458000 	C:\Windows\System32\shcore.dll
0x00007ffe67db0000 - 0x00007ffe684f8000 	C:\Windows\System32\windows.storage.dll
0x00007ffe677a0000 - 0x00007ffe677c4000 	C:\Windows\System32\profapi.dll
0x00007ffe67740000 - 0x00007ffe6779d000 	C:\Windows\System32\powrprof.dll
0x00007ffe68cc0000 - 0x00007ffe68d12000 	C:\Windows\System32\shlwapi.dll
0x00007ffe68910000 - 0x00007ffe68927000 	C:\Windows\System32\cryptsp.dll
0x00007ffe3f530000 - 0x00007ffe3f549000 	C:\Program Files\OpenLogic\jdk-11.0.23.9-hotspot\bin\net.dll
0x00007ffe62e80000 - 0x00007ffe62f71000 	C:\Windows\SYSTEM32\WINHTTP.dll
0x00007ffe66f30000 - 0x00007ffe66f97000 	C:\Windows\system32\mswsock.dll
0x00007ffe37a70000 - 0x00007ffe37a82000 	C:\Program Files\OpenLogic\jdk-11.0.23.9-hotspot\bin\nio.dll
0x00007ffe4d820000 - 0x00007ffe4d829000 	C:\Program Files\OpenLogic\jdk-11.0.23.9-hotspot\bin\management.dll
0x00007ffe4d3c0000 - 0x00007ffe4d3cb000 	C:\Program Files\OpenLogic\jdk-11.0.23.9-hotspot\bin\management_ext.dll
0x00007ffe5a650000 - 0x00007ffe5a666000 	C:\Windows\system32\napinsp.dll
0x00007ffe5a750000 - 0x00007ffe5a76a000 	C:\Windows\system32\pnrpnsp.dll
0x00007ffe66cd0000 - 0x00007ffe66d96000 	C:\Windows\SYSTEM32\DNSAPI.dll
0x00007ffe68e70000 - 0x00007ffe68e78000 	C:\Windows\System32\NSI.dll
0x00007ffe66c90000 - 0x00007ffe66ccd000 	C:\Windows\SYSTEM32\IPHLPAPI.DLL
0x00007ffe5a780000 - 0x00007ffe5a78e000 	C:\Windows\System32\winrnr.dll
0x00007ffe62f80000 - 0x00007ffe62f9b000 	C:\Windows\system32\NLAapi.dll
0x00007ffe5aa10000 - 0x00007ffe5aa25000 	C:\Windows\system32\wshbth.dll
0x00007ffe5f270000 - 0x00007ffe5f27a000 	C:\Windows\System32\rasadhlp.dll
0x00007ffe5f850000 - 0x00007ffe5f8c9000 	C:\Windows\System32\fwpuclnt.dll
0x00007ffe688c0000 - 0x00007ffe688e6000 	C:\Windows\System32\bcrypt.dll
0x00007ffe66af0000 - 0x00007ffe66b23000 	C:\Windows\system32\rsaenh.dll
0x00007ffe67600000 - 0x00007ffe67628000 	C:\Windows\SYSTEM32\USERENV.dll
0x00007ffe67100000 - 0x00007ffe6710c000 	C:\Windows\SYSTEM32\CRYPTBASE.dll
0x00007ffe61f60000 - 0x00007ffe61f76000 	C:\Windows\SYSTEM32\dhcpcsvc6.DLL
0x00007ffe61f40000 - 0x00007ffe61f5c000 	C:\Windows\SYSTEM32\dhcpcsvc.DLL
0x00007ffe37a40000 - 0x00007ffe37a67000 	C:\Program Files\OpenLogic\jdk-11.0.23.9-hotspot\bin\sunec.dll
0x00007ffe4c690000 - 0x00007ffe4c69e000 	C:\Program Files\OpenLogic\jdk-11.0.23.9-hotspot\bin\sunmscapi.dll
0x00007ffe67a70000 - 0x00007ffe67c4b000 	C:\Windows\System32\CRYPT32.dll
0x00007ffe67720000 - 0x00007ffe67732000 	C:\Windows\System32\MSASN1.dll
0x00007ffe671f0000 - 0x00007ffe67216000 	C:\Windows\SYSTEM32\ncrypt.dll
0x00007ffe671b0000 - 0x00007ffe671ec000 	C:\Windows\SYSTEM32\NTASN1.dll

dbghelp: loaded successfully - version: 4.0.5 - missing functions: none
symbol engine: initialized successfully - sym options: 0x614 - pdb path: .;C:\Program Files\OpenLogic\jdk-11.0.23.9-hotspot\bin;C:\Windows\SYSTEM32;C:\Windows\WinSxS\amd64_microsoft.windows.common-controls_6595b64144ccf1df_6.0.17763.107_none_05b63884071e656e;C:\Program Files\OpenLogic\jdk-11.0.23.9-hotspot\bin\server

VM Arguments:
java_command: com.example.TrendNest.TrendNestApplication
java_class_path (initial): C:\Projects_28\TrendNest\target\classes;C:\Users\alanpj\.m2\repository\org\springframework\boot\spring-boot-starter-data-jpa\2.7.3\spring-boot-starter-data-jpa-2.7.3.jar;C:\Users\alanpj\.m2\repository\org\springframework\boot\spring-boot-starter-aop\2.7.3\spring-boot-starter-aop-2.7.3.jar;C:\Users\alanpj\.m2\repository\org\springframework\spring-aop\5.3.22\spring-aop-5.3.22.jar;C:\Users\alanpj\.m2\repository\org\aspectj\aspectjweaver\1.9.7\aspectjweaver-1.9.7.jar;C:\Users\alanpj\.m2\repository\org\springframework\boot\spring-boot-starter-jdbc\2.7.3\spring-boot-starter-jdbc-2.7.3.jar;C:\Users\alanpj\.m2\repository\com\zaxxer\HikariCP\4.0.3\HikariCP-4.0.3.jar;C:\Users\alanpj\.m2\repository\org\springframework\spring-jdbc\5.3.22\spring-jdbc-5.3.22.jar;C:\Users\alanpj\.m2\repository\jakarta\transaction\jakarta.transaction-api\1.3.3\jakarta.transaction-api-1.3.3.jar;C:\Users\alanpj\.m2\repository\jakarta\persistence\jakarta.persistence-api\2.2.3\jakarta.persistence-api-2.2.3.jar;C:\Users\alanpj\.m2\repository\org\hibernate\hibernate-core\5.6.10.Final\hibernate-core-5.6.10.Final.jar;C:\Users\alanpj\.m2\repository\net\bytebuddy\byte-buddy\1.12.13\byte-buddy-1.12.13.jar;C:\Users\alanpj\.m2\repository\antlr\antlr\2.7.7\antlr-2.7.7.jar;C:\Users\alanpj\.m2\repository\org\jboss\jandex\2.4.2.Final\jandex-2.4.2.Final.jar;C:\Users\alanpj\.m2\repository\org\hibernate\common\hibernate-commons-annotations\5.1.2.Final\hibernate-commons-annotations-5.1.2.Final.jar;C:\Users\alanpj\.m2\repository\org\glassfish\jaxb\jaxb-runtime\2.3.6\jaxb-runtime-2.3.6.jar;C:\Users\alanpj\.m2\repository\org\glassfish\jaxb\txw2\2.3.6\txw2-2.3.6.jar;C:\Users\alanpj\.m2\repository\com\sun\istack\istack-commons-runtime\3.0.12\istack-commons-runtime-3.0.12.jar;C:\Users\alanpj\.m2\repository\com\sun\activation\jakarta.activation\1.2.2\jakarta.activation-1.2.2.jar;C:\Users\alanpj\.m2\repository\org\springframework\data\spring-data-jpa\2.7.2\spring-data-jpa-2.7.2.jar;C:\Users\alanpj\
Launcher Type: SUN_STANDARD

[Global flags]
     intx CICompilerCount                          = 3                                         {product} {ergonomic}
     uint ConcGCThreads                            = 1                                         {product} {ergonomic}
     uint G1ConcRefinementThreads                  = 4                                         {product} {ergonomic}
   size_t G1HeapRegionSize                         = 1048576                                   {product} {ergonomic}
    uintx GCDrainStackTargetSize                   = 64                                        {product} {ergonomic}
   size_t InitialHeapSize                          = 67108864                                  {product} {ergonomic}
   size_t MarkStackSize                            = 4194304                                   {product} {ergonomic}
   size_t MaxHeapSize                              = 1061158912                                {product} {ergonomic}
   size_t MaxNewSize                               = 636485632                                 {product} {ergonomic}
   size_t MinHeapDeltaBytes                        = 1048576                                   {product} {ergonomic}
    uintx NonNMethodCodeHeapSize                   = 5830732                                {pd product} {ergonomic}
    uintx NonProfiledCodeHeapSize                  = 122913754                              {pd product} {ergonomic}
    uintx ProfiledCodeHeapSize                     = 122913754                              {pd product} {ergonomic}
    uintx ReservedCodeCacheSize                    = 251658240                              {pd product} {ergonomic}
     bool SegmentedCodeCache                       = true                                      {product} {ergonomic}
     bool UseCompressedClassPointers               = true                                 {lp64_product} {ergonomic}
     bool UseCompressedOops                        = true                                 {lp64_product} {ergonomic}
     bool UseG1GC                                  = true                                      {product} {ergonomic}
     bool UseLargePagesIndividualAllocation        = false                                  {pd product} {ergonomic}

Logging:
Log output configuration:
 #0: stdout all=warning uptime,level,tags
 #1: stderr all=off uptime,level,tags

Environment Variables:
JAVA_HOME=C:\Users\alanpj\AppData\Roaming\Code\User\globalStorage\pleiades.java-extension-pack-jdk\java\21
PATH=C:\Users\alanpj\AppData\Roaming\Code\User\globalStorage\pleiades.java-extension-pack-jdk\gradle\latest\bin;C:\Users\alanpj\AppData\Roaming\Code\User\globalStorage\pleiades.java-extension-pack-jdk\maven\latest\bin;C:\Users\alanpj\AppData\Roaming\Code\User\globalStorage\pleiades.java-extension-pack-jdk\java\21\bin;C:\Program Files (x86)\Common Files\Oracle\Java\java8path;C:\Program Files (x86)\Common Files\Oracle\Java\javapath;C:\Program Files\OpenLogic\jdk-11.0.23.9-hotspot\bin;C:\Windows\system32;C:\Windows;C:\Windows\System32\Wbem;C:\Windows\System32\WindowsPowerShell\v1.0\;C:\Windows\System32\OpenSSH\;c:\Program Files (x86)\Microsoft SQL Server\100\Tools\Binn\;c:\Program Files\Microsoft SQL Server\100\Tools\Binn\;c:\Program Files\Microsoft SQL Server\100\DTS\Binn\;C:\Program Files (x86)\Microsoft Team Foundation Server 2010 Power Tools\;C:\Program Files (x86)\Microsoft Team Foundation Server 2010 Power Tools\Best Practices Analyzer\;C:\Program Files (x86)\VisualSVN\bin;C:\Program Files\TortoiseSVN\bin;C:\Program Files (x86)\Windows Live\Shared;C:\Program Files\Microsoft SQL Server\110\DTS\Binn\;C:\Program Files (x86)\Microsoft SQL Server\110\Tools\Binn\ManagementStudio\;C:\Program Files (x86)\Microsoft SQL Server\110\Tools\Binn\;C:\Program Files\Microsoft SQL Server\110\Tools\Binn\;C:\Program Files (x86)\Microsoft Visual Studio 10.0\Common7\IDE\PrivateAssemblies\;C:\Program Files (x86)\Microsoft SQL Server\110\DTS\Binn\;C:\Program Files (x86)\Windows Kits\8.1\Windows Performance Toolkit\;C:\Program Files (x86)\Microsoft SDKs\TypeScript\1.0\;C:\Program Files\Git\cmd;C:\Program Files\OpenLogic\jdk-11.0.23.9-hotspot\bin;C:\Program Files\nodejs\;C:\Program Files\OpenLogic\jdk-11.0.23.9-hotspot\bin;C:\Program Files (x86)\Common Files\Oracle\Java\java8path;C:\Program Files (x86)\Common Files\Oracle\Java\javapath;C:\Program Files\OpenLogic\jdk-11.0.23.9-hotspot\bin;C:\Windows\system32;C:\Windows;C:\Windows\System32\Wbem;C:\Windows\System32\WindowsPowerShell\v1.0\;C:\Wi
USERNAME=alanpj
LANG=en_US.UTF-8
OS=Windows_NT
PROCESSOR_IDENTIFIER=AMD64 Family 23 Model 49 Stepping 0, AuthenticAMD
TMP=C:\Users\alanpj\AppData\Local\Temp
TEMP=C:\Users\alanpj\AppData\Local\Temp



---------------  S Y S T E M  ---------------

OS: Windows 10 , 64 bit Build 17763 (10.0.17763.1)
OS uptime: 4 days 2:18 hours
Hyper-V virtualization detected

CPU:total 4 (initial active 4) (4 cores per cpu, 2 threads per core) family 23 model 49 stepping 0 microcode 0x0, cmov, cx8, fxsr, mmx, sse, sse2, sse3, ssse3, sse4.1, sse4.2, popcnt, avx, avx2, aes, clmul, mmxext, 3dnowpref, lzcnt, sse4a, ht, tsc, bmi1, bmi2, adx, sha, fma

Memory: 4k page, system-wide physical 4047M (201M free)
TotalPageFile size 16335M (AvailPageFile size 0M)
current process WorkingSet (physical memory assigned to process): 16M, peak: 290M
current process commit charge ("private bytes"): 267M, peak: 327M

vm_info: OpenJDK 64-Bit Server VM (11.0.23+9-adhoc..jdk11u) for windows-amd64 JRE (11.0.23+9-adhoc..jdk11u), built on Apr 19 2024 06:41:40 by "" with MS VC++ 16.10 / 16.11 (VS2019)

END.
